[2025-11-06 14:33:13.387] [INFO] [Logger] Logger initialized - logging to app.log
[2025-11-06 14:33:13.388] [INFO] [BackendManager] Starting Backend Manager...
[2025-11-06 14:33:13.390] [INFO] [BackendManager] Started backend server on port 8081
[2025-11-06 14:33:13.390] [INFO] [BackendManager] Started backend server on port 8082
[2025-11-06 14:33:13.390] [INFO] [BackendManager] Started backend server on port 8083
[2025-11-06 14:33:13.391] [INFO] [BackendManager] Started backend server on port 8084
[2025-11-06 14:33:13.391] [INFO] [BackendManager] All 4 backend servers are running
[2025-11-06 14:33:13.391] [INFO] [Backend-8081] Backend server listening on port 8081
[2025-11-06 14:33:13.391] [INFO] [Backend-8082] Backend server listening on port 8082
[2025-11-06 14:33:13.393] [INFO] [Backend-8084] Backend server listening on port 8084
[2025-11-06 14:33:13.393] [INFO] [Backend-8083] Backend server listening on port 8083
[2025-11-06 14:33:16.365] [INFO] [LoadBalancer] Starting Load Balancer on port 8080
[2025-11-06 14:33:16.366] [INFO] [LoadBalancer] Performing health check on backends...
[2025-11-06 14:33:16.373] [INFO] [LoadBalancer] ✓ Backend localhost:8081 is healthy
[2025-11-06 14:33:16.374] [INFO] [Backend-8081] Connection received from /127.0.0.1
[2025-11-06 14:33:16.374] [INFO] [Backend-8081] Health check received, skipping metrics
[2025-11-06 14:33:16.375] [INFO] [LoadBalancer] ✓ Backend localhost:8082 is healthy
[2025-11-06 14:33:16.375] [INFO] [Backend-8082] Connection received from /127.0.0.1
[2025-11-06 14:33:16.375] [INFO] [Backend-8082] Health check received, skipping metrics
[2025-11-06 14:33:16.375] [INFO] [LoadBalancer] ✓ Backend localhost:8083 is healthy
[2025-11-06 14:33:16.375] [INFO] [Backend-8083] Connection received from /127.0.0.1
[2025-11-06 14:33:16.375] [INFO] [Backend-8083] Health check received, skipping metrics
[2025-11-06 14:33:16.376] [INFO] [LoadBalancer] ✓ Backend localhost:8084 is healthy
[2025-11-06 14:33:16.376] [INFO] [Backend-8084] Connection received from /127.0.0.1
[2025-11-06 14:33:16.376] [INFO] [LoadBalancer] Load Balancer is ready and listening for connections
[2025-11-06 14:33:16.376] [INFO] [Backend-8084] Health check received, skipping metrics
[2025-11-06 14:33:18.529] [INFO] [Dashboard] Started periodic updates (interval: 2000ms)
[2025-11-06 14:33:18.529] [INFO] [Dashboard] Dashboard GUI initialized
[2025-11-06 14:33:35.942] [INFO] [Dashboard] Starting 10 clients from GUI
[2025-11-06 14:33:35.943] [INFO] [ClientSimulator] Configuration loaded: connecting to localhost:8080
[2025-11-06 14:33:35.943] [INFO] [ClientSimulator] Starting 10 client threads...
[2025-11-06 14:33:35.944] [INFO] [ClientSimulator] Started Client-1
[2025-11-06 14:33:35.944] [INFO] [ClientSimulator] Started Client-2
[2025-11-06 14:33:35.944] [INFO] [ClientSimulator] Started Client-3
[2025-11-06 14:33:35.944] [INFO] [ClientSimulator] Started Client-4
[2025-11-06 14:33:35.944] [INFO] [ClientSimulator] Started Client-5
[2025-11-06 14:33:35.944] [INFO] [Client-1] Cycle 1: Waiting 4053ms before sending request
[2025-11-06 14:33:35.944] [INFO] [Client-2] Cycle 1: Waiting 3651ms before sending request
[2025-11-06 14:33:35.945] [INFO] [Client-4] Cycle 1: Waiting 4690ms before sending request
[2025-11-06 14:33:35.945] [INFO] [Client-3] Cycle 1: Waiting 1990ms before sending request
[2025-11-06 14:33:35.945] [INFO] [ClientSimulator] Started Client-6
[2025-11-06 14:33:35.945] [INFO] [Client-5] Cycle 1: Waiting 4270ms before sending request
[2025-11-06 14:33:35.945] [INFO] [Client-6] Cycle 1: Waiting 2293ms before sending request
[2025-11-06 14:33:35.946] [INFO] [ClientSimulator] Started Client-7
[2025-11-06 14:33:35.946] [INFO] [Client-7] Cycle 1: Waiting 2557ms before sending request
[2025-11-06 14:33:35.946] [INFO] [ClientSimulator] Started Client-8
[2025-11-06 14:33:35.946] [INFO] [ClientSimulator] Started Client-9
[2025-11-06 14:33:35.952] [INFO] [ClientSimulator] Started Client-10
[2025-11-06 14:33:35.952] [INFO] [Client-9] Cycle 1: Waiting 1079ms before sending request
[2025-11-06 14:33:35.952] [INFO] [Client-10] Cycle 1: Waiting 4585ms before sending request
[2025-11-06 14:33:35.953] [INFO] [ClientSimulator] All 10 clients have been started
[2025-11-06 14:33:35.953] [INFO] [Client-8] Cycle 1: Waiting 1943ms before sending request
[2025-11-06 14:33:37.034] [INFO] [Client-9] Cycle 1: Connecting to load balancer at localhost:8080
[2025-11-06 14:33:37.035] [INFO] [Client-9] Cycle 1: Connected successfully
[2025-11-06 14:33:37.035] [INFO] [LoadBalancer] Accepted connection from /127.0.0.1
[2025-11-06 14:33:37.035] [INFO] [Client-9] Cycle 1: Sending request
[2025-11-06 14:33:37.036] [INFO] [Client-9] Cycle 1: Waiting for response...
[2025-11-06 14:33:37.037] [INFO] [LoadBalancer] Forwarding request to backend localhost:8081
[2025-11-06 14:33:37.037] [INFO] [Backend-8081] Connection received from /127.0.0.1
[2025-11-06 14:33:37.038] [INFO] [Backend-8081] Health check received, skipping metrics
[2025-11-06 14:33:37.038] [INFO] [LoadBalancer] Connected to backend localhost:8081
[2025-11-06 14:33:37.038] [INFO] [Backend-8081] Connection received from /127.0.0.1
[2025-11-06 14:33:37.040] [INFO] [LoadBalancer] Metrics updated: Total=1, Active=1
[2025-11-06 14:33:37.042] [INFO] [Backend-8081] Real request detected, connection count incremented
[2025-11-06 14:33:37.042] [INFO] [Backend-8081] Received request: GET / HTTP/1.1
[2025-11-06 14:33:37.055] [INFO] [Backend-8081] Response sent successfully (latency: 16ms, totalRequests now=1)
[2025-11-06 14:33:37.056] [INFO] [LoadBalancer] Forwarding completed for Backend-8081→Client
[2025-11-06 14:33:37.896] [INFO] [Client-8] Cycle 1: Connecting to load balancer at localhost:8080
[2025-11-06 14:33:37.896] [INFO] [Client-8] Cycle 1: Connected successfully
[2025-11-06 14:33:37.896] [INFO] [LoadBalancer] Accepted connection from /127.0.0.1
[2025-11-06 14:33:37.897] [INFO] [Client-8] Cycle 1: Sending request
[2025-11-06 14:33:37.897] [INFO] [Client-8] Cycle 1: Waiting for response...
[2025-11-06 14:33:37.897] [INFO] [LoadBalancer] Forwarding request to backend localhost:8082
[2025-11-06 14:33:37.897] [INFO] [Backend-8082] Connection received from /127.0.0.1
[2025-11-06 14:33:37.897] [INFO] [LoadBalancer] Connected to backend localhost:8082
[2025-11-06 14:33:37.897] [INFO] [Backend-8082] Health check received, skipping metrics
[2025-11-06 14:33:37.897] [INFO] [LoadBalancer] Metrics updated: Total=2, Active=2
[2025-11-06 14:33:37.899] [INFO] [Backend-8082] Connection received from /127.0.0.1
[2025-11-06 14:33:37.899] [INFO] [Backend-8082] Real request detected, connection count incremented
[2025-11-06 14:33:37.899] [INFO] [Backend-8082] Received request: GET / HTTP/1.1
[2025-11-06 14:33:37.899] [INFO] [Backend-8082] Response sent successfully (latency: 0ms, totalRequests now=1)
[2025-11-06 14:33:37.900] [INFO] [LoadBalancer] Forwarding completed for Backend-8082→Client
[2025-11-06 14:33:37.936] [INFO] [Client-3] Cycle 1: Connecting to load balancer at localhost:8080
[2025-11-06 14:33:37.936] [INFO] [Client-3] Cycle 1: Connected successfully
[2025-11-06 14:33:37.937] [INFO] [LoadBalancer] Accepted connection from /127.0.0.1
[2025-11-06 14:33:37.937] [INFO] [Client-3] Cycle 1: Sending request
[2025-11-06 14:33:37.937] [INFO] [Client-3] Cycle 1: Waiting for response...
[2025-11-06 14:33:37.937] [INFO] [LoadBalancer] Forwarding request to backend localhost:8083
[2025-11-06 14:33:37.938] [INFO] [LoadBalancer] Connected to backend localhost:8083
[2025-11-06 14:33:37.938] [INFO] [LoadBalancer] Metrics updated: Total=3, Active=3
[2025-11-06 14:33:37.938] [INFO] [Backend-8083] Connection received from /127.0.0.1
[2025-11-06 14:33:37.938] [INFO] [Backend-8083] Health check received, skipping metrics
[2025-11-06 14:33:37.938] [INFO] [Backend-8083] Connection received from /127.0.0.1
[2025-11-06 14:33:37.938] [INFO] [Backend-8083] Real request detected, connection count incremented
[2025-11-06 14:33:37.938] [INFO] [Backend-8083] Received request: GET / HTTP/1.1
[2025-11-06 14:33:37.939] [INFO] [Backend-8083] Response sent successfully (latency: 1ms, totalRequests now=1)
[2025-11-06 14:33:37.939] [INFO] [LoadBalancer] Forwarding completed for Backend-8083→Client
[2025-11-06 14:33:38.239] [INFO] [Client-6] Cycle 1: Connecting to load balancer at localhost:8080
[2025-11-06 14:33:38.239] [INFO] [Client-6] Cycle 1: Connected successfully
[2025-11-06 14:33:38.240] [INFO] [LoadBalancer] Accepted connection from /127.0.0.1
[2025-11-06 14:33:38.240] [INFO] [Client-6] Cycle 1: Sending request
[2025-11-06 14:33:38.240] [INFO] [Client-6] Cycle 1: Waiting for response...
[2025-11-06 14:33:38.241] [INFO] [LoadBalancer] Forwarding request to backend localhost:8084
[2025-11-06 14:33:38.241] [INFO] [LoadBalancer] Connected to backend localhost:8084
[2025-11-06 14:33:38.241] [INFO] [Backend-8084] Connection received from /127.0.0.1
[2025-11-06 14:33:38.241] [INFO] [LoadBalancer] Metrics updated: Total=4, Active=4
[2025-11-06 14:33:38.241] [INFO] [Backend-8084] Health check received, skipping metrics
[2025-11-06 14:33:38.242] [INFO] [Backend-8084] Connection received from /127.0.0.1
[2025-11-06 14:33:38.242] [INFO] [Backend-8084] Real request detected, connection count incremented
[2025-11-06 14:33:38.242] [INFO] [Backend-8084] Received request: GET / HTTP/1.1
[2025-11-06 14:33:38.242] [INFO] [Backend-8084] Response sent successfully (latency: 1ms, totalRequests now=1)
[2025-11-06 14:33:38.242] [INFO] [LoadBalancer] Forwarding completed for Backend-8084→Client
[2025-11-06 14:33:38.504] [INFO] [Client-7] Cycle 1: Connecting to load balancer at localhost:8080
[2025-11-06 14:33:38.504] [INFO] [Client-7] Cycle 1: Connected successfully
[2025-11-06 14:33:38.504] [INFO] [LoadBalancer] Accepted connection from /127.0.0.1
[2025-11-06 14:33:38.505] [INFO] [Client-7] Cycle 1: Sending request
[2025-11-06 14:33:38.505] [INFO] [Client-7] Cycle 1: Waiting for response...
[2025-11-06 14:33:38.505] [INFO] [LoadBalancer] Forwarding request to backend localhost:8081
[2025-11-06 14:33:38.506] [INFO] [LoadBalancer] Connected to backend localhost:8081
[2025-11-06 14:33:38.506] [INFO] [LoadBalancer] Metrics updated: Total=5, Active=5
[2025-11-06 14:33:38.506] [INFO] [Backend-8081] Connection received from /127.0.0.1
[2025-11-06 14:33:38.506] [INFO] [Backend-8081] Real request detected, connection count incremented
[2025-11-06 14:33:38.506] [INFO] [Backend-8081] Received request: GET / HTTP/1.1
[2025-11-06 14:33:38.506] [INFO] [Backend-8081] Connection received from /127.0.0.1
[2025-11-06 14:33:38.506] [INFO] [Backend-8081] Response sent successfully (latency: 0ms, totalRequests now=2)
[2025-11-06 14:33:38.507] [INFO] [LoadBalancer] Forwarding completed for Backend-8081→Client
[2025-11-06 14:33:38.507] [INFO] [Backend-8081] Health check received, skipping metrics
[2025-11-06 14:33:39.598] [INFO] [Client-2] Cycle 1: Connecting to load balancer at localhost:8080
[2025-11-06 14:33:39.599] [INFO] [Client-2] Cycle 1: Connected successfully
[2025-11-06 14:33:39.599] [INFO] [LoadBalancer] Accepted connection from /127.0.0.1
[2025-11-06 14:33:39.599] [INFO] [Client-2] Cycle 1: Sending request
[2025-11-06 14:33:39.599] [INFO] [Client-2] Cycle 1: Waiting for response...
[2025-11-06 14:33:39.600] [INFO] [LoadBalancer] Forwarding request to backend localhost:8082
[2025-11-06 14:33:39.600] [INFO] [Backend-8082] Connection received from /127.0.0.1
[2025-11-06 14:33:39.601] [INFO] [LoadBalancer] Connected to backend localhost:8082
[2025-11-06 14:33:39.601] [INFO] [LoadBalancer] Metrics updated: Total=6, Active=6
[2025-11-06 14:33:39.601] [INFO] [Backend-8082] Health check received, skipping metrics
[2025-11-06 14:33:39.601] [INFO] [Backend-8082] Connection received from /127.0.0.1
[2025-11-06 14:33:39.601] [INFO] [Backend-8082] Real request detected, connection count incremented
[2025-11-06 14:33:39.602] [INFO] [Backend-8082] Received request: GET / HTTP/1.1
[2025-11-06 14:33:39.602] [INFO] [Backend-8082] Response sent successfully (latency: 1ms, totalRequests now=2)
[2025-11-06 14:33:39.602] [INFO] [LoadBalancer] Forwarding completed for Backend-8082→Client
[2025-11-06 14:33:40.000] [INFO] [Client-1] Cycle 1: Connecting to load balancer at localhost:8080
[2025-11-06 14:33:40.001] [INFO] [Client-1] Cycle 1: Connected successfully
[2025-11-06 14:33:40.001] [INFO] [LoadBalancer] Accepted connection from /127.0.0.1
[2025-11-06 14:33:40.001] [INFO] [Client-1] Cycle 1: Sending request
[2025-11-06 14:33:40.002] [INFO] [Client-1] Cycle 1: Waiting for response...
[2025-11-06 14:33:40.003] [INFO] [LoadBalancer] Forwarding request to backend localhost:8083
[2025-11-06 14:33:40.003] [INFO] [Backend-8083] Connection received from /127.0.0.1
[2025-11-06 14:33:40.003] [INFO] [Backend-8083] Health check received, skipping metrics
[2025-11-06 14:33:40.003] [INFO] [LoadBalancer] Connected to backend localhost:8083
[2025-11-06 14:33:40.004] [INFO] [LoadBalancer] Metrics updated: Total=7, Active=7
[2025-11-06 14:33:40.004] [INFO] [Backend-8083] Connection received from /127.0.0.1
[2025-11-06 14:33:40.004] [INFO] [Backend-8083] Real request detected, connection count incremented
[2025-11-06 14:33:40.004] [INFO] [Backend-8083] Received request: GET / HTTP/1.1
[2025-11-06 14:33:40.004] [INFO] [Backend-8083] Response sent successfully (latency: 0ms, totalRequests now=2)
[2025-11-06 14:33:40.004] [INFO] [LoadBalancer] Forwarding completed for Backend-8083→Client
[2025-11-06 14:33:40.216] [INFO] [Client-5] Cycle 1: Connecting to load balancer at localhost:8080
[2025-11-06 14:33:40.216] [INFO] [Client-5] Cycle 1: Connected successfully
[2025-11-06 14:33:40.216] [INFO] [LoadBalancer] Accepted connection from /127.0.0.1
[2025-11-06 14:33:40.217] [INFO] [Client-5] Cycle 1: Sending request
[2025-11-06 14:33:40.217] [INFO] [Client-5] Cycle 1: Waiting for response...
[2025-11-06 14:33:40.217] [INFO] [LoadBalancer] Forwarding request to backend localhost:8084
[2025-11-06 14:33:40.219] [INFO] [LoadBalancer] Connected to backend localhost:8084
[2025-11-06 14:33:40.219] [INFO] [Backend-8084] Connection received from /127.0.0.1
[2025-11-06 14:33:40.219] [INFO] [LoadBalancer] Metrics updated: Total=8, Active=8
[2025-11-06 14:33:40.219] [INFO] [Backend-8084] Health check received, skipping metrics
[2025-11-06 14:33:40.219] [INFO] [Backend-8084] Connection received from /127.0.0.1
[2025-11-06 14:33:40.219] [INFO] [Backend-8084] Real request detected, connection count incremented
[2025-11-06 14:33:40.219] [INFO] [Backend-8084] Received request: GET / HTTP/1.1
[2025-11-06 14:33:40.219] [INFO] [Backend-8084] Response sent successfully (latency: 0ms, totalRequests now=2)
[2025-11-06 14:33:40.219] [INFO] [LoadBalancer] Forwarding completed for Backend-8084→Client
[2025-11-06 14:33:40.538] [INFO] [Client-10] Cycle 1: Connecting to load balancer at localhost:8080
[2025-11-06 14:33:40.538] [INFO] [Client-10] Cycle 1: Connected successfully
[2025-11-06 14:33:40.538] [INFO] [LoadBalancer] Accepted connection from /127.0.0.1
[2025-11-06 14:33:40.538] [INFO] [Client-10] Cycle 1: Sending request
[2025-11-06 14:33:40.539] [INFO] [Client-10] Cycle 1: Waiting for response...
[2025-11-06 14:33:40.539] [INFO] [LoadBalancer] Forwarding request to backend localhost:8081
[2025-11-06 14:33:40.539] [INFO] [LoadBalancer] Connected to backend localhost:8081
[2025-11-06 14:33:40.539] [INFO] [LoadBalancer] Metrics updated: Total=9, Active=9
[2025-11-06 14:33:40.540] [INFO] [Backend-8081] Connection received from /127.0.0.1
[2025-11-06 14:33:40.540] [INFO] [Backend-8081] Health check received, skipping metrics
[2025-11-06 14:33:40.540] [INFO] [Backend-8081] Connection received from /127.0.0.1
[2025-11-06 14:33:40.540] [INFO] [Backend-8081] Real request detected, connection count incremented
[2025-11-06 14:33:40.540] [INFO] [Backend-8081] Received request: GET / HTTP/1.1
[2025-11-06 14:33:40.540] [INFO] [Backend-8081] Response sent successfully (latency: 0ms, totalRequests now=3)
[2025-11-06 14:33:40.540] [INFO] [LoadBalancer] Forwarding completed for Backend-8081→Client
[2025-11-06 14:33:40.637] [INFO] [Client-4] Cycle 1: Connecting to load balancer at localhost:8080
[2025-11-06 14:33:40.637] [INFO] [Client-4] Cycle 1: Connected successfully
[2025-11-06 14:33:40.637] [INFO] [Client-4] Cycle 1: Sending request
[2025-11-06 14:33:40.637] [INFO] [LoadBalancer] Accepted connection from /127.0.0.1
[2025-11-06 14:33:40.638] [INFO] [Client-4] Cycle 1: Waiting for response...
[2025-11-06 14:33:40.638] [INFO] [LoadBalancer] Forwarding request to backend localhost:8082
[2025-11-06 14:33:40.638] [INFO] [LoadBalancer] Connected to backend localhost:8082
[2025-11-06 14:33:40.639] [INFO] [LoadBalancer] Metrics updated: Total=10, Active=10
[2025-11-06 14:33:40.639] [INFO] [Backend-8082] Connection received from /127.0.0.1
[2025-11-06 14:33:40.639] [INFO] [Backend-8082] Health check received, skipping metrics
[2025-11-06 14:33:40.639] [INFO] [Backend-8082] Connection received from /127.0.0.1
[2025-11-06 14:33:40.639] [INFO] [Backend-8082] Real request detected, connection count incremented
[2025-11-06 14:33:40.639] [INFO] [Backend-8082] Received request: GET / HTTP/1.1
[2025-11-06 14:33:40.640] [INFO] [Backend-8082] Response sent successfully (latency: 1ms, totalRequests now=3)
[2025-11-06 14:33:40.640] [INFO] [LoadBalancer] Forwarding completed for Backend-8082→Client
[2025-11-06 14:34:17.720] [WARN] [Dashboard] Killing backend on port 8081 via GUI
[2025-11-06 14:34:17.721] [INFO] [BackendManager] Stopped backend server on port 8081
[2025-11-06 14:34:17.726] [INFO] [Backend-8081] Backend server stopped
[2025-11-06 14:34:38.883] [INFO] [Dashboard] Rebooting backend on port 8081 via GUI
[2025-11-06 14:34:38.883] [INFO] [BackendManager] Started backend server on port 8081
[2025-11-06 14:34:38.883] [INFO] [Backend-8081] Backend server listening on port 8081
[2025-11-06 14:34:44.182] [INFO] [Dashboard] Stopping all clients from GUI
[2025-11-06 14:34:44.182] [INFO] [ClientSimulator] Stopping all client threads...
[2025-11-06 14:34:44.182] [INFO] [ClientSimulator] All clients stopped
[2025-11-06 14:34:55.444] [INFO] [Dashboard] Stopping all clients from GUI
[2025-11-06 14:34:55.444] [INFO] [ClientSimulator] Stopping all client threads...
[2025-11-06 14:34:55.444] [INFO] [ClientSimulator] All clients stopped
[2025-11-06 14:35:08.573] [INFO] [Dashboard] Starting 10 clients from GUI
[2025-11-06 14:35:08.573] [INFO] [ClientSimulator] Starting 10 client threads...
[2025-11-06 14:35:08.573] [INFO] [ClientSimulator] Started Client-1
[2025-11-06 14:35:08.573] [INFO] [ClientSimulator] Started Client-2
[2025-11-06 14:35:08.573] [INFO] [Client-1] Cycle 1: Waiting 3642ms before sending request
[2025-11-06 14:35:08.573] [INFO] [ClientSimulator] Started Client-3
[2025-11-06 14:35:08.573] [INFO] [Client-2] Cycle 1: Waiting 2716ms before sending request
[2025-11-06 14:35:08.573] [INFO] [ClientSimulator] Started Client-4
[2025-11-06 14:35:08.573] [INFO] [Client-3] Cycle 1: Waiting 1275ms before sending request
[2025-11-06 14:35:08.573] [INFO] [Client-4] Cycle 1: Waiting 2840ms before sending request
[2025-11-06 14:35:08.573] [INFO] [ClientSimulator] Started Client-5
[2025-11-06 14:35:08.573] [INFO] [Client-5] Cycle 1: Waiting 1070ms before sending request
[2025-11-06 14:35:08.573] [INFO] [ClientSimulator] Started Client-6
[2025-11-06 14:35:08.574] [INFO] [ClientSimulator] Started Client-7
[2025-11-06 14:35:08.574] [INFO] [Client-6] Cycle 1: Waiting 3849ms before sending request
[2025-11-06 14:35:08.574] [INFO] [ClientSimulator] Started Client-8
[2025-11-06 14:35:08.574] [INFO] [Client-7] Cycle 1: Waiting 4374ms before sending request
[2025-11-06 14:35:08.574] [INFO] [ClientSimulator] Started Client-9
[2025-11-06 14:35:08.574] [INFO] [Client-8] Cycle 1: Waiting 3519ms before sending request
[2025-11-06 14:35:08.574] [INFO] [ClientSimulator] Started Client-10
[2025-11-06 14:35:08.574] [INFO] [ClientSimulator] All 10 clients have been started
[2025-11-06 14:35:08.574] [INFO] [Client-9] Cycle 1: Waiting 4222ms before sending request
[2025-11-06 14:35:08.574] [INFO] [Client-10] Cycle 1: Waiting 4117ms before sending request
[2025-11-06 14:35:09.643] [INFO] [Client-5] Cycle 1: Connecting to load balancer at localhost:8080
[2025-11-06 14:35:09.646] [INFO] [Client-5] Cycle 1: Connected successfully
[2025-11-06 14:35:09.646] [INFO] [LoadBalancer] Accepted connection from /127.0.0.1
[2025-11-06 14:35:09.646] [INFO] [Client-5] Cycle 1: Sending request
[2025-11-06 14:35:09.647] [INFO] [Client-5] Cycle 1: Waiting for response...
[2025-11-06 14:35:09.649] [INFO] [LoadBalancer] Forwarding request to backend localhost:8083
[2025-11-06 14:35:09.650] [INFO] [Backend-8083] Connection received from /127.0.0.1
[2025-11-06 14:35:09.650] [INFO] [LoadBalancer] Connected to backend localhost:8083
[2025-11-06 14:35:09.650] [INFO] [Backend-8083] Health check received, skipping metrics
[2025-11-06 14:35:09.651] [INFO] [Backend-8083] Connection received from /127.0.0.1
[2025-11-06 14:35:09.651] [INFO] [LoadBalancer] Metrics updated: Total=11, Active=11
[2025-11-06 14:35:09.652] [INFO] [Backend-8083] Real request detected, connection count incremented
[2025-11-06 14:35:09.652] [INFO] [Backend-8083] Received request: GET / HTTP/1.1
[2025-11-06 14:35:09.652] [INFO] [Backend-8083] Response sent successfully (latency: 1ms, totalRequests now=3)
[2025-11-06 14:35:09.652] [INFO] [LoadBalancer] Forwarding completed for Backend-8083→Client
[2025-11-06 14:35:09.849] [INFO] [Client-3] Cycle 1: Connecting to load balancer at localhost:8080
[2025-11-06 14:35:09.850] [INFO] [Client-3] Cycle 1: Connected successfully
[2025-11-06 14:35:09.850] [INFO] [LoadBalancer] Accepted connection from /127.0.0.1
[2025-11-06 14:35:09.851] [INFO] [Client-3] Cycle 1: Sending request
[2025-11-06 14:35:09.851] [INFO] [Client-3] Cycle 1: Waiting for response...
[2025-11-06 14:35:09.853] [INFO] [LoadBalancer] Forwarding request to backend localhost:8084
[2025-11-06 14:35:09.853] [INFO] [Backend-8084] Connection received from /127.0.0.1
[2025-11-06 14:35:09.853] [INFO] [LoadBalancer] Connected to backend localhost:8084
[2025-11-06 14:35:09.853] [INFO] [LoadBalancer] Metrics updated: Total=12, Active=12
[2025-11-06 14:35:09.853] [INFO] [Backend-8084] Health check received, skipping metrics
[2025-11-06 14:35:09.853] [INFO] [Backend-8084] Connection received from /127.0.0.1
[2025-11-06 14:35:09.853] [INFO] [Backend-8084] Real request detected, connection count incremented
[2025-11-06 14:35:09.854] [INFO] [Backend-8084] Received request: GET / HTTP/1.1
[2025-11-06 14:35:09.854] [INFO] [Backend-8084] Response sent successfully (latency: 1ms, totalRequests now=3)
[2025-11-06 14:35:09.854] [INFO] [LoadBalancer] Forwarding completed for Backend-8084→Client
[2025-11-06 14:35:11.290] [INFO] [Client-2] Cycle 1: Connecting to load balancer at localhost:8080
[2025-11-06 14:35:11.290] [INFO] [Client-2] Cycle 1: Connected successfully
[2025-11-06 14:35:11.290] [INFO] [LoadBalancer] Accepted connection from /127.0.0.1
[2025-11-06 14:35:11.290] [INFO] [Client-2] Cycle 1: Sending request
[2025-11-06 14:35:11.291] [INFO] [Client-2] Cycle 1: Waiting for response...
[2025-11-06 14:35:11.291] [INFO] [LoadBalancer] Forwarding request to backend localhost:8081
[2025-11-06 14:35:11.291] [INFO] [LoadBalancer] Connected to backend localhost:8081
[2025-11-06 14:35:11.291] [INFO] [LoadBalancer] Metrics updated: Total=13, Active=13
[2025-11-06 14:35:11.291] [INFO] [Backend-8081] Connection received from /127.0.0.1
[2025-11-06 14:35:11.292] [INFO] [Backend-8081] Health check received, skipping metrics
[2025-11-06 14:35:11.292] [INFO] [Backend-8081] Connection received from /127.0.0.1
[2025-11-06 14:35:11.292] [INFO] [Backend-8081] Real request detected, connection count incremented
[2025-11-06 14:35:11.292] [INFO] [Backend-8081] Received request: GET / HTTP/1.1
[2025-11-06 14:35:11.292] [INFO] [Backend-8081] Response sent successfully (latency: 0ms, totalRequests now=4)
[2025-11-06 14:35:11.292] [INFO] [LoadBalancer] Forwarding completed for Backend-8081→Client
[2025-11-06 14:35:11.414] [INFO] [Client-4] Cycle 1: Connecting to load balancer at localhost:8080
[2025-11-06 14:35:11.414] [INFO] [Client-4] Cycle 1: Connected successfully
[2025-11-06 14:35:11.414] [INFO] [LoadBalancer] Accepted connection from /127.0.0.1
[2025-11-06 14:35:11.414] [INFO] [Client-4] Cycle 1: Sending request
[2025-11-06 14:35:11.415] [INFO] [Client-4] Cycle 1: Waiting for response...
[2025-11-06 14:35:11.415] [INFO] [LoadBalancer] Forwarding request to backend localhost:8082
[2025-11-06 14:35:11.415] [INFO] [LoadBalancer] Connected to backend localhost:8082
[2025-11-06 14:35:11.416] [INFO] [LoadBalancer] Metrics updated: Total=14, Active=14
[2025-11-06 14:35:11.416] [INFO] [Backend-8082] Connection received from /127.0.0.1
[2025-11-06 14:35:11.416] [INFO] [Backend-8082] Health check received, skipping metrics
[2025-11-06 14:35:11.416] [INFO] [Backend-8082] Connection received from /127.0.0.1
[2025-11-06 14:35:11.416] [INFO] [Backend-8082] Real request detected, connection count incremented
[2025-11-06 14:35:11.416] [INFO] [Backend-8082] Received request: GET / HTTP/1.1
[2025-11-06 14:35:11.416] [INFO] [Backend-8082] Response sent successfully (latency: 0ms, totalRequests now=4)
[2025-11-06 14:35:11.416] [INFO] [LoadBalancer] Forwarding completed for Backend-8082→Client
[2025-11-06 14:35:12.093] [INFO] [Client-8] Cycle 1: Connecting to load balancer at localhost:8080
[2025-11-06 14:35:12.094] [INFO] [Client-8] Cycle 1: Connected successfully
[2025-11-06 14:35:12.094] [INFO] [LoadBalancer] Accepted connection from /127.0.0.1
[2025-11-06 14:35:12.094] [INFO] [Client-8] Cycle 1: Sending request
[2025-11-06 14:35:12.094] [INFO] [Client-8] Cycle 1: Waiting for response...
[2025-11-06 14:35:12.095] [INFO] [LoadBalancer] Forwarding request to backend localhost:8083
[2025-11-06 14:35:12.095] [INFO] [LoadBalancer] Connected to backend localhost:8083
[2025-11-06 14:35:12.095] [INFO] [Backend-8083] Connection received from /127.0.0.1
[2025-11-06 14:35:12.095] [INFO] [Backend-8083] Health check received, skipping metrics
[2025-11-06 14:35:12.095] [INFO] [LoadBalancer] Metrics updated: Total=15, Active=15
[2025-11-06 14:35:12.095] [INFO] [Backend-8083] Connection received from /127.0.0.1
[2025-11-06 14:35:12.096] [INFO] [Backend-8083] Real request detected, connection count incremented
[2025-11-06 14:35:12.096] [INFO] [Backend-8083] Received request: GET / HTTP/1.1
[2025-11-06 14:35:12.096] [INFO] [Backend-8083] Response sent successfully (latency: 1ms, totalRequests now=4)
[2025-11-06 14:35:12.096] [INFO] [LoadBalancer] Forwarding completed for Backend-8083→Client
[2025-11-06 14:35:12.216] [INFO] [Client-1] Cycle 1: Connecting to load balancer at localhost:8080
[2025-11-06 14:35:12.216] [INFO] [Client-1] Cycle 1: Connected successfully
[2025-11-06 14:35:12.217] [INFO] [LoadBalancer] Accepted connection from /127.0.0.1
[2025-11-06 14:35:12.217] [INFO] [Client-1] Cycle 1: Sending request
[2025-11-06 14:35:12.217] [INFO] [Client-1] Cycle 1: Waiting for response...
[2025-11-06 14:35:12.218] [INFO] [LoadBalancer] Forwarding request to backend localhost:8084
[2025-11-06 14:35:12.218] [INFO] [LoadBalancer] Connected to backend localhost:8084
[2025-11-06 14:35:12.218] [INFO] [LoadBalancer] Metrics updated: Total=16, Active=16
[2025-11-06 14:35:12.218] [INFO] [Backend-8084] Connection received from /127.0.0.1
[2025-11-06 14:35:12.218] [INFO] [Backend-8084] Connection received from /127.0.0.1
[2025-11-06 14:35:12.218] [INFO] [Backend-8084] Health check received, skipping metrics
[2025-11-06 14:35:12.219] [INFO] [Backend-8084] Real request detected, connection count incremented
[2025-11-06 14:35:12.219] [INFO] [Backend-8084] Received request: GET / HTTP/1.1
[2025-11-06 14:35:12.219] [INFO] [Backend-8084] Response sent successfully (latency: 1ms, totalRequests now=4)
[2025-11-06 14:35:12.219] [INFO] [LoadBalancer] Forwarding completed for Backend-8084→Client
[2025-11-06 14:35:12.423] [INFO] [Client-6] Cycle 1: Connecting to load balancer at localhost:8080
[2025-11-06 14:35:12.423] [INFO] [Client-6] Cycle 1: Connected successfully
[2025-11-06 14:35:12.423] [INFO] [Client-6] Cycle 1: Sending request
[2025-11-06 14:35:12.423] [INFO] [LoadBalancer] Accepted connection from /127.0.0.1
[2025-11-06 14:35:12.424] [INFO] [Client-6] Cycle 1: Waiting for response...
[2025-11-06 14:35:12.424] [INFO] [LoadBalancer] Forwarding request to backend localhost:8081
[2025-11-06 14:35:12.425] [INFO] [LoadBalancer] Connected to backend localhost:8081
[2025-11-06 14:35:12.425] [INFO] [LoadBalancer] Metrics updated: Total=17, Active=17
[2025-11-06 14:35:12.425] [INFO] [Backend-8081] Connection received from /127.0.0.1
[2025-11-06 14:35:12.425] [INFO] [Backend-8081] Health check received, skipping metrics
[2025-11-06 14:35:12.425] [INFO] [Backend-8081] Connection received from /127.0.0.1
[2025-11-06 14:35:12.425] [INFO] [Backend-8081] Real request detected, connection count incremented
[2025-11-06 14:35:12.425] [INFO] [Backend-8081] Received request: GET / HTTP/1.1
[2025-11-06 14:35:12.425] [INFO] [Backend-8081] Response sent successfully (latency: 0ms, totalRequests now=5)
[2025-11-06 14:35:12.425] [INFO] [LoadBalancer] Forwarding completed for Backend-8081→Client
[2025-11-06 14:35:12.692] [INFO] [Client-10] Cycle 1: Connecting to load balancer at localhost:8080
[2025-11-06 14:35:12.692] [INFO] [Client-10] Cycle 1: Connected successfully
[2025-11-06 14:35:12.692] [INFO] [LoadBalancer] Accepted connection from /127.0.0.1
[2025-11-06 14:35:12.692] [INFO] [Client-10] Cycle 1: Sending request
[2025-11-06 14:35:12.693] [INFO] [Client-10] Cycle 1: Waiting for response...
[2025-11-06 14:35:12.694] [INFO] [LoadBalancer] Forwarding request to backend localhost:8082
[2025-11-06 14:35:12.694] [INFO] [Backend-8082] Connection received from /127.0.0.1
[2025-11-06 14:35:12.694] [INFO] [LoadBalancer] Connected to backend localhost:8082
[2025-11-06 14:35:12.694] [INFO] [LoadBalancer] Metrics updated: Total=18, Active=18
[2025-11-06 14:35:12.695] [INFO] [Backend-8082] Health check received, skipping metrics
[2025-11-06 14:35:12.695] [INFO] [Backend-8082] Connection received from /127.0.0.1
[2025-11-06 14:35:12.696] [INFO] [Backend-8082] Real request detected, connection count incremented
[2025-11-06 14:35:12.696] [INFO] [Backend-8082] Received request: GET / HTTP/1.1
[2025-11-06 14:35:12.696] [INFO] [Backend-8082] Response sent successfully (latency: 1ms, totalRequests now=5)
[2025-11-06 14:35:12.696] [INFO] [LoadBalancer] Forwarding completed for Backend-8082→Client
[2025-11-06 14:35:12.798] [INFO] [Client-9] Cycle 1: Connecting to load balancer at localhost:8080
[2025-11-06 14:35:12.799] [INFO] [Client-9] Cycle 1: Connected successfully
[2025-11-06 14:35:12.799] [INFO] [LoadBalancer] Accepted connection from /127.0.0.1
[2025-11-06 14:35:12.799] [INFO] [Client-9] Cycle 1: Sending request
[2025-11-06 14:35:12.800] [INFO] [Client-9] Cycle 1: Waiting for response...
[2025-11-06 14:35:12.801] [INFO] [LoadBalancer] Forwarding request to backend localhost:8083
[2025-11-06 14:35:12.802] [INFO] [Backend-8083] Connection received from /127.0.0.1
[2025-11-06 14:35:12.802] [INFO] [LoadBalancer] Connected to backend localhost:8083
[2025-11-06 14:35:12.802] [INFO] [LoadBalancer] Metrics updated: Total=19, Active=19
[2025-11-06 14:35:12.802] [INFO] [Backend-8083] Health check received, skipping metrics
[2025-11-06 14:35:12.803] [INFO] [Backend-8083] Connection received from /127.0.0.1
[2025-11-06 14:35:12.803] [INFO] [Backend-8083] Real request detected, connection count incremented
[2025-11-06 14:35:12.803] [INFO] [Backend-8083] Received request: GET / HTTP/1.1
[2025-11-06 14:35:12.803] [INFO] [Backend-8083] Response sent successfully (latency: 0ms, totalRequests now=5)
[2025-11-06 14:35:12.803] [INFO] [LoadBalancer] Forwarding completed for Backend-8083→Client
[2025-11-06 14:35:12.948] [INFO] [Client-7] Cycle 1: Connecting to load balancer at localhost:8080
[2025-11-06 14:35:12.948] [INFO] [Client-7] Cycle 1: Connected successfully
[2025-11-06 14:35:12.948] [INFO] [LoadBalancer] Accepted connection from /127.0.0.1
[2025-11-06 14:35:12.948] [INFO] [Client-7] Cycle 1: Sending request
[2025-11-06 14:35:12.949] [INFO] [Client-7] Cycle 1: Waiting for response...
[2025-11-06 14:35:12.949] [INFO] [LoadBalancer] Forwarding request to backend localhost:8084
[2025-11-06 14:35:12.949] [INFO] [Backend-8084] Connection received from /127.0.0.1
[2025-11-06 14:35:12.950] [INFO] [LoadBalancer] Connected to backend localhost:8084
[2025-11-06 14:35:12.950] [INFO] [Backend-8084] Health check received, skipping metrics
[2025-11-06 14:35:12.950] [INFO] [LoadBalancer] Metrics updated: Total=20, Active=20
[2025-11-06 14:35:12.950] [INFO] [Backend-8084] Connection received from /127.0.0.1
[2025-11-06 14:35:12.950] [INFO] [Backend-8084] Real request detected, connection count incremented
[2025-11-06 14:35:12.951] [INFO] [Backend-8084] Received request: GET / HTTP/1.1
[2025-11-06 14:35:12.951] [INFO] [Backend-8084] Response sent successfully (latency: 1ms, totalRequests now=5)
[2025-11-06 14:35:12.951] [INFO] [LoadBalancer] Forwarding completed for Backend-8084→Client
[2025-11-06 14:35:27.714] [INFO] [Dashboard] Configuration reloaded via GUI
[2025-11-06 14:38:25.581] [INFO] [Logger] Logger initialized - logging to app.log
[2025-11-06 14:38:25.582] [INFO] [BackendManager] Starting Backend Manager...
[2025-11-06 14:38:25.584] [INFO] [BackendManager] Started backend server on port 8081
[2025-11-06 14:38:25.584] [INFO] [BackendManager] Started backend server on port 8082
[2025-11-06 14:38:25.585] [INFO] [BackendManager] Started backend server on port 8083
[2025-11-06 14:38:25.585] [INFO] [BackendManager] Started backend server on port 8084
[2025-11-06 14:38:25.585] [INFO] [Backend-8083] Backend server listening on port 8083
[2025-11-06 14:38:25.586] [INFO] [Backend-8084] Backend server listening on port 8084
[2025-11-06 14:38:25.586] [INFO] [BackendManager] All 4 backend servers are running
[2025-11-06 14:38:25.586] [INFO] [Backend-8081] Backend server listening on port 8081
[2025-11-06 14:38:25.586] [INFO] [Backend-8082] Backend server listening on port 8082
[2025-11-06 14:38:28.560] [INFO] [LoadBalancer] Starting Load Balancer on port 8080
[2025-11-06 14:38:28.561] [INFO] [LoadBalancer] Performing health check on backends...
[2025-11-06 14:38:28.570] [INFO] [LoadBalancer] ✓ Backend localhost:8081 is healthy
[2025-11-06 14:38:28.570] [INFO] [Backend-8081] Connection received from /127.0.0.1
[2025-11-06 14:38:28.571] [INFO] [Backend-8081] Health check received, skipping metrics
[2025-11-06 14:38:28.571] [INFO] [LoadBalancer] ✓ Backend localhost:8082 is healthy
[2025-11-06 14:38:28.571] [INFO] [LoadBalancer] ✓ Backend localhost:8083 is healthy
[2025-11-06 14:38:28.571] [INFO] [Backend-8082] Connection received from /127.0.0.1
[2025-11-06 14:38:28.571] [INFO] [Backend-8083] Connection received from /127.0.0.1
[2025-11-06 14:38:28.572] [INFO] [Backend-8083] Health check received, skipping metrics
[2025-11-06 14:38:28.572] [INFO] [Backend-8082] Health check received, skipping metrics
[2025-11-06 14:38:28.572] [INFO] [LoadBalancer] ✓ Backend localhost:8084 is healthy
[2025-11-06 14:38:28.572] [INFO] [Backend-8084] Connection received from /127.0.0.1
[2025-11-06 14:38:28.572] [INFO] [LoadBalancer] Load Balancer is ready and listening for connections
[2025-11-06 14:38:28.572] [INFO] [Backend-8084] Health check received, skipping metrics
[2025-11-06 14:38:30.724] [INFO] [Dashboard] Started periodic updates (interval: 100ms)
[2025-11-06 14:38:30.724] [INFO] [Dashboard] Dashboard GUI initialized
[2025-11-06 14:38:39.123] [INFO] [Dashboard] Starting 10 clients from GUI
[2025-11-06 14:38:39.124] [INFO] [ClientSimulator] Configuration loaded: connecting to localhost:8080
[2025-11-06 14:38:39.124] [INFO] [ClientSimulator] Starting 10 client threads...
[2025-11-06 14:38:39.125] [INFO] [ClientSimulator] Started Client-1
[2025-11-06 14:38:39.125] [INFO] [ClientSimulator] Started Client-2
[2025-11-06 14:38:39.126] [INFO] [ClientSimulator] Started Client-3
[2025-11-06 14:38:39.126] [INFO] [ClientSimulator] Started Client-4
[2025-11-06 14:38:39.126] [INFO] [ClientSimulator] Started Client-5
[2025-11-06 14:38:39.126] [INFO] [Client-2] Cycle 1: Waiting 2455ms before sending request
[2025-11-06 14:38:39.126] [INFO] [Client-1] Cycle 1: Waiting 3449ms before sending request
[2025-11-06 14:38:39.127] [INFO] [ClientSimulator] Started Client-6
[2025-11-06 14:38:39.127] [INFO] [Client-3] Cycle 1: Waiting 3049ms before sending request
[2025-11-06 14:38:39.127] [INFO] [ClientSimulator] Started Client-7
[2025-11-06 14:38:39.128] [INFO] [Client-4] Cycle 1: Waiting 2337ms before sending request
[2025-11-06 14:38:39.128] [INFO] [ClientSimulator] Started Client-8
[2025-11-06 14:38:39.128] [INFO] [Client-7] Cycle 1: Waiting 2426ms before sending request
[2025-11-06 14:38:39.128] [INFO] [Client-5] Cycle 1: Waiting 4983ms before sending request
[2025-11-06 14:38:39.128] [INFO] [Client-6] Cycle 1: Waiting 1976ms before sending request
[2025-11-06 14:38:39.128] [INFO] [ClientSimulator] Started Client-9
[2025-11-06 14:38:39.128] [INFO] [Client-8] Cycle 1: Waiting 4866ms before sending request
[2025-11-06 14:38:39.128] [INFO] [Client-9] Cycle 1: Waiting 3019ms before sending request
[2025-11-06 14:38:39.129] [INFO] [ClientSimulator] Started Client-10
[2025-11-06 14:38:39.129] [INFO] [ClientSimulator] All 10 clients have been started
[2025-11-06 14:38:39.129] [INFO] [Client-10] Cycle 1: Waiting 4910ms before sending request
[2025-11-06 14:38:41.109] [INFO] [Client-6] Cycle 1: Connecting to load balancer at localhost:8080
[2025-11-06 14:38:41.110] [INFO] [Client-6] Cycle 1: Connected successfully
[2025-11-06 14:38:41.110] [INFO] [LoadBalancer] Accepted connection from /127.0.0.1
[2025-11-06 14:38:41.111] [INFO] [Client-6] Cycle 1: Sending request
[2025-11-06 14:38:41.111] [INFO] [Client-6] Cycle 1: Waiting for response...
[2025-11-06 14:38:41.112] [INFO] [LoadBalancer] Forwarding request to backend localhost:8081
[2025-11-06 14:38:41.112] [INFO] [Backend-8081] Connection received from /127.0.0.1
[2025-11-06 14:38:41.112] [INFO] [LoadBalancer] Connected to backend localhost:8081
[2025-11-06 14:38:41.113] [INFO] [Backend-8081] Health check received, skipping metrics
[2025-11-06 14:38:41.113] [INFO] [Backend-8081] Connection received from /127.0.0.1
[2025-11-06 14:38:41.114] [INFO] [LoadBalancer] Metrics updated: Total=1, Active=1
[2025-11-06 14:38:41.114] [INFO] [Backend-8081] Real request detected, connection count incremented to 1
[2025-11-06 14:38:41.114] [INFO] [Backend-8081] Received request: GET / HTTP/1.1
[2025-11-06 14:38:41.124] [INFO] [Backend-8081] Response sent successfully (latency: 10ms, totalRequests now=1)
[2025-11-06 14:38:41.125] [INFO] [LoadBalancer] Forwarding completed for Backend-8081→Client
[2025-11-06 14:38:41.125] [INFO] [Backend-8081] Connection closed, active connections now: 0
[2025-11-06 14:38:41.466] [INFO] [Client-4] Cycle 1: Connecting to load balancer at localhost:8080
[2025-11-06 14:38:41.466] [INFO] [Client-4] Cycle 1: Connected successfully
[2025-11-06 14:38:41.466] [INFO] [LoadBalancer] Accepted connection from /127.0.0.1
[2025-11-06 14:38:41.466] [INFO] [Client-4] Cycle 1: Sending request
[2025-11-06 14:38:41.466] [INFO] [Client-4] Cycle 1: Waiting for response...
[2025-11-06 14:38:41.467] [INFO] [LoadBalancer] Forwarding request to backend localhost:8082
[2025-11-06 14:38:41.467] [INFO] [Backend-8082] Connection received from /127.0.0.1
[2025-11-06 14:38:41.467] [INFO] [Backend-8082] Health check received, skipping metrics
[2025-11-06 14:38:41.467] [INFO] [LoadBalancer] Connected to backend localhost:8082
[2025-11-06 14:38:41.467] [INFO] [LoadBalancer] Metrics updated: Total=2, Active=2
[2025-11-06 14:38:41.469] [INFO] [Backend-8082] Connection received from /127.0.0.1
[2025-11-06 14:38:41.469] [INFO] [Backend-8082] Real request detected, connection count incremented to 1
[2025-11-06 14:38:41.469] [INFO] [Backend-8082] Received request: GET / HTTP/1.1
[2025-11-06 14:38:41.469] [INFO] [Backend-8082] Response sent successfully (latency: 2ms, totalRequests now=1)
[2025-11-06 14:38:41.469] [INFO] [Backend-8082] Connection closed, active connections now: 0
[2025-11-06 14:38:41.469] [INFO] [LoadBalancer] Forwarding completed for Backend-8082→Client
[2025-11-06 14:38:41.556] [INFO] [Client-7] Cycle 1: Connecting to load balancer at localhost:8080
[2025-11-06 14:38:41.556] [INFO] [Client-7] Cycle 1: Connected successfully
[2025-11-06 14:38:41.557] [INFO] [LoadBalancer] Accepted connection from /127.0.0.1
[2025-11-06 14:38:41.557] [INFO] [Client-7] Cycle 1: Sending request
[2025-11-06 14:38:41.557] [INFO] [Client-7] Cycle 1: Waiting for response...
[2025-11-06 14:38:41.558] [INFO] [LoadBalancer] Forwarding request to backend localhost:8083
[2025-11-06 14:38:41.558] [INFO] [Backend-8083] Connection received from /127.0.0.1
[2025-11-06 14:38:41.558] [INFO] [Backend-8083] Health check received, skipping metrics
[2025-11-06 14:38:41.558] [INFO] [LoadBalancer] Connected to backend localhost:8083
[2025-11-06 14:38:41.558] [INFO] [LoadBalancer] Metrics updated: Total=3, Active=3
[2025-11-06 14:38:41.558] [INFO] [Backend-8083] Connection received from /127.0.0.1
[2025-11-06 14:38:41.560] [INFO] [Backend-8083] Real request detected, connection count incremented to 1
[2025-11-06 14:38:41.560] [INFO] [Backend-8083] Received request: GET / HTTP/1.1
[2025-11-06 14:38:41.560] [INFO] [Backend-8083] Response sent successfully (latency: 2ms, totalRequests now=1)
[2025-11-06 14:38:41.560] [INFO] [Backend-8083] Connection closed, active connections now: 0
[2025-11-06 14:38:41.560] [INFO] [LoadBalancer] Forwarding completed for Backend-8083→Client
[2025-11-06 14:38:41.584] [INFO] [Client-2] Cycle 1: Connecting to load balancer at localhost:8080
[2025-11-06 14:38:41.584] [INFO] [Client-2] Cycle 1: Connected successfully
[2025-11-06 14:38:41.585] [INFO] [LoadBalancer] Accepted connection from /127.0.0.1
[2025-11-06 14:38:41.585] [INFO] [Client-2] Cycle 1: Sending request
[2025-11-06 14:38:41.585] [INFO] [Client-2] Cycle 1: Waiting for response...
[2025-11-06 14:38:41.586] [INFO] [LoadBalancer] Forwarding request to backend localhost:8084
[2025-11-06 14:38:41.586] [INFO] [Backend-8084] Connection received from /127.0.0.1
[2025-11-06 14:38:41.586] [INFO] [Backend-8084] Health check received, skipping metrics
[2025-11-06 14:38:41.586] [INFO] [LoadBalancer] Connected to backend localhost:8084
[2025-11-06 14:38:41.586] [INFO] [LoadBalancer] Metrics updated: Total=4, Active=4
[2025-11-06 14:38:41.587] [INFO] [Backend-8084] Connection received from /127.0.0.1
[2025-11-06 14:38:41.587] [INFO] [Backend-8084] Real request detected, connection count incremented to 1
[2025-11-06 14:38:41.587] [INFO] [Backend-8084] Received request: GET / HTTP/1.1
[2025-11-06 14:38:41.587] [INFO] [Backend-8084] Response sent successfully (latency: 0ms, totalRequests now=1)
[2025-11-06 14:38:41.588] [INFO] [Backend-8084] Connection closed, active connections now: 0
[2025-11-06 14:38:41.588] [INFO] [LoadBalancer] Forwarding completed for Backend-8084→Client
[2025-11-06 14:38:42.149] [INFO] [Client-9] Cycle 1: Connecting to load balancer at localhost:8080
[2025-11-06 14:38:42.150] [INFO] [Client-9] Cycle 1: Connected successfully
[2025-11-06 14:38:42.150] [INFO] [Client-9] Cycle 1: Sending request
[2025-11-06 14:38:42.151] [INFO] [Client-9] Cycle 1: Waiting for response...
[2025-11-06 14:38:42.151] [INFO] [LoadBalancer] Accepted connection from /127.0.0.1
[2025-11-06 14:38:42.152] [INFO] [LoadBalancer] Forwarding request to backend localhost:8081
[2025-11-06 14:38:42.153] [INFO] [LoadBalancer] Connected to backend localhost:8081
[2025-11-06 14:38:42.153] [INFO] [LoadBalancer] Metrics updated: Total=5, Active=5
[2025-11-06 14:38:42.153] [INFO] [Backend-8081] Connection received from /127.0.0.1
[2025-11-06 14:38:42.153] [INFO] [Backend-8081] Health check received, skipping metrics
[2025-11-06 14:38:42.153] [INFO] [Backend-8081] Connection received from /127.0.0.1
[2025-11-06 14:38:42.153] [INFO] [Backend-8081] Real request detected, connection count incremented to 1
[2025-11-06 14:38:42.153] [INFO] [Backend-8081] Received request: GET / HTTP/1.1
[2025-11-06 14:38:42.154] [INFO] [Backend-8081] Response sent successfully (latency: 1ms, totalRequests now=2)
[2025-11-06 14:38:42.154] [INFO] [Backend-8081] Connection closed, active connections now: 0
[2025-11-06 14:38:42.154] [INFO] [LoadBalancer] Forwarding completed for Backend-8081→Client
[2025-11-06 14:38:42.178] [INFO] [Client-3] Cycle 1: Connecting to load balancer at localhost:8080
[2025-11-06 14:38:42.178] [INFO] [Client-3] Cycle 1: Connected successfully
[2025-11-06 14:38:42.178] [INFO] [Client-3] Cycle 1: Sending request
[2025-11-06 14:38:42.179] [INFO] [LoadBalancer] Accepted connection from /127.0.0.1
[2025-11-06 14:38:42.179] [INFO] [Client-3] Cycle 1: Waiting for response...
[2025-11-06 14:38:42.180] [INFO] [LoadBalancer] Forwarding request to backend localhost:8082
[2025-11-06 14:38:42.180] [INFO] [Backend-8082] Connection received from /127.0.0.1
[2025-11-06 14:38:42.180] [INFO] [LoadBalancer] Connected to backend localhost:8082
[2025-11-06 14:38:42.180] [INFO] [LoadBalancer] Metrics updated: Total=6, Active=6
[2025-11-06 14:38:42.180] [INFO] [Backend-8082] Health check received, skipping metrics
[2025-11-06 14:38:42.181] [INFO] [Backend-8082] Connection received from /127.0.0.1
[2025-11-06 14:38:42.181] [INFO] [Backend-8082] Real request detected, connection count incremented to 1
[2025-11-06 14:38:42.181] [INFO] [Backend-8082] Received request: GET / HTTP/1.1
[2025-11-06 14:38:42.181] [INFO] [Backend-8082] Response sent successfully (latency: 0ms, totalRequests now=2)
[2025-11-06 14:38:42.182] [INFO] [Backend-8082] Connection closed, active connections now: 0
[2025-11-06 14:38:42.182] [INFO] [LoadBalancer] Forwarding completed for Backend-8082→Client
[2025-11-06 14:38:42.577] [INFO] [Client-1] Cycle 1: Connecting to load balancer at localhost:8080
[2025-11-06 14:38:42.578] [INFO] [Client-1] Cycle 1: Connected successfully
[2025-11-06 14:38:42.578] [INFO] [Client-1] Cycle 1: Sending request
[2025-11-06 14:38:42.578] [INFO] [LoadBalancer] Accepted connection from /127.0.0.1
[2025-11-06 14:38:42.578] [INFO] [Client-1] Cycle 1: Waiting for response...
[2025-11-06 14:38:42.580] [INFO] [LoadBalancer] Forwarding request to backend localhost:8083
[2025-11-06 14:38:42.580] [INFO] [Backend-8083] Connection received from /127.0.0.1
[2025-11-06 14:38:42.580] [INFO] [LoadBalancer] Connected to backend localhost:8083
[2025-11-06 14:38:42.580] [INFO] [LoadBalancer] Metrics updated: Total=7, Active=7
[2025-11-06 14:38:42.580] [INFO] [Backend-8083] Health check received, skipping metrics
[2025-11-06 14:38:42.580] [INFO] [Backend-8083] Connection received from /127.0.0.1
[2025-11-06 14:38:42.582] [INFO] [Backend-8083] Real request detected, connection count incremented to 1
[2025-11-06 14:38:42.582] [INFO] [Backend-8083] Received request: GET / HTTP/1.1
[2025-11-06 14:38:42.582] [INFO] [Backend-8083] Response sent successfully (latency: 2ms, totalRequests now=2)
[2025-11-06 14:38:42.582] [INFO] [LoadBalancer] Forwarding completed for Backend-8083→Client
[2025-11-06 14:38:42.582] [INFO] [Backend-8083] Connection closed, active connections now: 0
[2025-11-06 14:38:43.995] [INFO] [Client-8] Cycle 1: Connecting to load balancer at localhost:8080
[2025-11-06 14:38:43.995] [INFO] [Client-8] Cycle 1: Connected successfully
[2025-11-06 14:38:43.995] [INFO] [LoadBalancer] Accepted connection from /127.0.0.1
[2025-11-06 14:38:43.995] [INFO] [Client-8] Cycle 1: Sending request
[2025-11-06 14:38:43.996] [INFO] [Client-8] Cycle 1: Waiting for response...
[2025-11-06 14:38:43.996] [INFO] [LoadBalancer] Forwarding request to backend localhost:8084
[2025-11-06 14:38:43.996] [INFO] [LoadBalancer] Connected to backend localhost:8084
[2025-11-06 14:38:43.997] [INFO] [LoadBalancer] Metrics updated: Total=8, Active=8
[2025-11-06 14:38:43.997] [INFO] [Backend-8084] Connection received from /127.0.0.1
[2025-11-06 14:38:43.997] [INFO] [Backend-8084] Health check received, skipping metrics
[2025-11-06 14:38:43.997] [INFO] [Backend-8084] Connection received from /127.0.0.1
[2025-11-06 14:38:43.997] [INFO] [Backend-8084] Real request detected, connection count incremented to 1
[2025-11-06 14:38:43.997] [INFO] [Backend-8084] Received request: GET / HTTP/1.1
[2025-11-06 14:38:43.997] [INFO] [Backend-8084] Response sent successfully (latency: 0ms, totalRequests now=2)
[2025-11-06 14:38:43.997] [INFO] [Backend-8084] Connection closed, active connections now: 0
[2025-11-06 14:38:43.997] [INFO] [LoadBalancer] Forwarding completed for Backend-8084→Client
[2025-11-06 14:38:44.041] [INFO] [Client-10] Cycle 1: Connecting to load balancer at localhost:8080
[2025-11-06 14:38:44.041] [INFO] [Client-10] Cycle 1: Connected successfully
[2025-11-06 14:38:44.041] [INFO] [LoadBalancer] Accepted connection from /127.0.0.1
[2025-11-06 14:38:44.042] [INFO] [Client-10] Cycle 1: Sending request
[2025-11-06 14:38:44.042] [INFO] [Client-10] Cycle 1: Waiting for response...
[2025-11-06 14:38:44.042] [INFO] [LoadBalancer] Forwarding request to backend localhost:8081
[2025-11-06 14:38:44.043] [INFO] [LoadBalancer] Connected to backend localhost:8081
[2025-11-06 14:38:44.043] [INFO] [LoadBalancer] Metrics updated: Total=9, Active=9
[2025-11-06 14:38:44.043] [INFO] [Backend-8081] Connection received from /127.0.0.1
[2025-11-06 14:38:44.043] [INFO] [Backend-8081] Health check received, skipping metrics
[2025-11-06 14:38:44.043] [INFO] [Backend-8081] Connection received from /127.0.0.1
[2025-11-06 14:38:44.043] [INFO] [Backend-8081] Real request detected, connection count incremented to 1
[2025-11-06 14:38:44.043] [INFO] [Backend-8081] Received request: GET / HTTP/1.1
[2025-11-06 14:38:44.043] [INFO] [Backend-8081] Response sent successfully (latency: 0ms, totalRequests now=3)
[2025-11-06 14:38:44.043] [INFO] [LoadBalancer] Forwarding completed for Backend-8081→Client
[2025-11-06 14:38:44.044] [INFO] [Backend-8081] Connection closed, active connections now: 0
[2025-11-06 14:38:44.113] [INFO] [Client-5] Cycle 1: Connecting to load balancer at localhost:8080
[2025-11-06 14:38:44.114] [INFO] [Client-5] Cycle 1: Connected successfully
[2025-11-06 14:38:44.114] [INFO] [LoadBalancer] Accepted connection from /127.0.0.1
[2025-11-06 14:38:44.114] [INFO] [Client-5] Cycle 1: Sending request
[2025-11-06 14:38:44.114] [INFO] [Client-5] Cycle 1: Waiting for response...
[2025-11-06 14:38:44.116] [INFO] [LoadBalancer] Forwarding request to backend localhost:8082
[2025-11-06 14:38:44.116] [INFO] [Backend-8082] Connection received from /127.0.0.1
[2025-11-06 14:38:44.117] [INFO] [LoadBalancer] Connected to backend localhost:8082
[2025-11-06 14:38:44.117] [INFO] [Backend-8082] Health check received, skipping metrics
[2025-11-06 14:38:44.117] [INFO] [LoadBalancer] Metrics updated: Total=10, Active=10
[2025-11-06 14:38:44.117] [INFO] [Backend-8082] Connection received from /127.0.0.1
[2025-11-06 14:38:44.118] [INFO] [Backend-8082] Real request detected, connection count incremented to 1
[2025-11-06 14:38:44.118] [INFO] [Backend-8082] Received request: GET / HTTP/1.1
[2025-11-06 14:38:44.118] [INFO] [Backend-8082] Response sent successfully (latency: 1ms, totalRequests now=3)
[2025-11-06 14:38:44.118] [INFO] [LoadBalancer] Forwarding completed for Backend-8082→Client
[2025-11-06 14:38:44.118] [INFO] [Backend-8082] Connection closed, active connections now: 0
[2025-11-06 14:39:03.412] [INFO] [Dashboard] Stopping all clients from GUI
[2025-11-06 14:39:03.412] [INFO] [ClientSimulator] Stopping all client threads...
[2025-11-06 14:39:03.412] [INFO] [ClientSimulator] All clients stopped
