[2025-11-04 12:29:29.063] [INFO] [Logger] Logger initialized - logging to app.log
[2025-11-04 12:29:29.066] [INFO] [BackendManager] Starting Backend Manager...
[2025-11-04 12:29:29.069] [INFO] [BackendManager] Started backend server on port 8081
[2025-11-04 12:29:29.070] [INFO] [BackendManager] Started backend server on port 8082
[2025-11-04 12:29:29.070] [INFO] [BackendManager] Started backend server on port 8083
[2025-11-04 12:29:29.070] [INFO] [BackendManager] Started backend server on port 8084
[2025-11-04 12:29:29.071] [INFO] [BackendManager] All 4 backend servers are running
[2025-11-04 12:29:29.089] [INFO] [Backend-8082] Backend server listening on port 8082
[2025-11-04 12:29:29.089] [INFO] [Backend-8081] Backend server listening on port 8081
[2025-11-04 12:29:29.092] [INFO] [Backend-8084] Backend server listening on port 8084
[2025-11-04 12:29:29.092] [INFO] [Backend-8083] Backend server listening on port 8083
[2025-11-04 12:29:31.360] [INFO] [Logger] Logger initialized - logging to app.log
[2025-11-04 12:29:31.367] [INFO] [LoadBalancer] Starting Load Balancer on port 8080
[2025-11-04 12:29:31.368] [INFO] [LoadBalancer] Performing health check on backends...
[2025-11-04 12:29:31.425] [INFO] [LoadBalancer] ✓ Backend localhost:8081 is healthy
[2025-11-04 12:29:31.428] [INFO] [LoadBalancer] ✓ Backend localhost:8082 is healthy
[2025-11-04 12:29:31.429] [INFO] [Backend-8082] Connection received from /127.0.0.1
[2025-11-04 12:29:31.431] [INFO] [Backend-8081] Connection received from /127.0.0.1
[2025-11-04 12:29:31.431] [INFO] [LoadBalancer] ✓ Backend localhost:8083 is healthy
[2025-11-04 12:29:31.432] [INFO] [Backend-8083] Connection received from /127.0.0.1
[2025-11-04 12:29:31.433] [INFO] [LoadBalancer] ✓ Backend localhost:8084 is healthy
[2025-11-04 12:29:31.433] [INFO] [Backend-8081] Received request: 
[2025-11-04 12:29:31.434] [INFO] [Backend-8082] Received request: 
[2025-11-04 12:29:31.434] [INFO] [Backend-8083] Received request: 
[2025-11-04 12:29:31.435] [INFO] [Backend-8084] Connection received from /127.0.0.1
[2025-11-04 12:29:31.435] [INFO] [LoadBalancer] Load Balancer is ready and listening for connections
[2025-11-04 12:29:31.435] [INFO] [Backend-8084] Received request: 
[2025-11-04 12:29:31.482] [INFO] [Backend-8082] Response sent successfully (latency: 52ms)
[2025-11-04 12:29:31.483] [INFO] [Backend-8084] Response sent successfully (latency: 46ms)
[2025-11-04 12:29:31.483] [INFO] [Backend-8081] Response sent successfully (latency: 52ms)
[2025-11-04 12:29:31.484] [INFO] [Backend-8083] Response sent successfully (latency: 53ms)
[2025-11-04 12:29:33.474] [INFO] [Logger] Logger initialized - logging to app.log
[2025-11-04 12:29:33.980] [INFO] [Dashboard] Started periodic updates (interval: 2000ms)
[2025-11-04 12:29:33.980] [INFO] [Dashboard] Dashboard GUI initialized
